# JRE version: OpenJDK Runtime Environment (8.0_76-b03) (build 1.8.0_76-release-b03)
# Java VM: OpenJDK 64-Bit Server VM (25.76-b03 mixed mode windows-amd64 compressed oops)
Heap:
 PSYoungGen      total 482816K, used 45129K [0x00000000e0000000, 0x0000000100000000, 0x0000000100000000)
  eden space 444416K, 10% used [0x00000000e0000000,0x00000000e2c12548,0x00000000fb200000)
  from space 38400K, 0% used [0x00000000fda80000,0x00000000fda80000,0x0000000100000000)
  to   space 39936K, 0% used [0x00000000fb200000,0x00000000fb200000,0x00000000fd900000)
 ParOldGen       total 303616K, used 43190K [0x00000000a0000000, 0x00000000b2880000, 0x00000000e0000000)
  object space 303616K, 14% used [0x00000000a0000000,0x00000000a2a2d810,0x00000000b2880000)
 Metaspace       used 57554K, capacity 59637K, committed 59800K, reserved 1101824K
  class space    used 7795K, capacity 8288K, committed 8344K, reserved 1048576K
GC Heap History (10 events):
Event: 9.076 GC heap before
{Heap before GC invocations=6 (full 2):
 PSYoungGen      total 284672K, used 263168K [0x00000000e0000000, 0x00000000fe600000, 0x0000000100000000)
  eden space 263168K, 100% used [0x00000000e0000000,0x00000000f0100000,0x00000000f0100000)
  from space 21504K, 0% used [0x00000000f0100000,0x00000000f0100000,0x00000000f1600000)
  to   space 21504K, 0% used [0x00000000fd100000,0x00000000fd100000,0x00000000fe600000)
 ParOldGen       total 223232K, used 24857K [0x00000000a0000000, 0x00000000ada00000, 0x00000000e0000000)
  object space 223232K, 11% used [0x00000000a0000000,0x00000000a1846518,0x00000000ada00000)
 Metaspace       used 52122K, capacity 53514K, committed 53632K, reserved 1095680K
  class space    used 6940K, capacity 7261K, committed 7296K, reserved 1048576K
Event: 9.097 GC heap after
Heap after GC invocations=6 (full 2):
 PSYoungGen      total 469504K, used 21475K [0x00000000e0000000, 0x00000000fe600000, 0x0000000100000000)
  eden space 448000K, 0% used [0x00000000e0000000,0x00000000e0000000,0x00000000fb580000)
  from space 21504K, 99% used [0x00000000fd100000,0x00000000fe5f8fa8,0x00000000fe600000)
  to   space 21504K, 0% used [0x00000000fbc00000,0x00000000fbc00000,0x00000000fd100000)
 ParOldGen       total 223232K, used 28975K [0x00000000a0000000, 0x00000000ada00000, 0x00000000e0000000)
  object space 223232K, 12% used [0x00000000a0000000,0x00000000a1c4bee8,0x00000000ada00000)
 Metaspace       used 52122K, capacity 53514K, committed 53632K, reserved 1095680K
  class space    used 6940K, capacity 7261K, committed 7296K, reserved 1048576K
}
Event: 10.321 GC heap before
{Heap before GC invocations=7 (full 2):
 PSYoungGen      total 469504K, used 159675K [0x00000000e0000000, 0x00000000fe600000, 0x0000000100000000)
  eden space 448000K, 30% used [0x00000000e0000000,0x00000000e86f5f78,0x00000000fb580000)
  from space 21504K, 99% used [0x00000000fd100000,0x00000000fe5f8fa8,0x00000000fe600000)
  to   space 21504K, 0% used [0x00000000fbc00000,0x00000000fbc00000,0x00000000fd100000)
 ParOldGen       total 223232K, used 28975K [0x00000000a0000000, 0x00000000ada00000, 0x00000000e0000000)
  object space 223232K, 12% used [0x00000000a0000000,0x00000000a1c4bee8,0x00000000ada00000)
 Metaspace       used 57160K, capacity 59111K, committed 59160K, reserved 1099776K
  class space    used 7737K, capacity 8216K, committed 8216K, reserved 1048576K
Event: 10.386 GC heap after
Heap after GC invocations=7 (full 2):
 PSYoungGen      total 476160K, used 21502K [0x00000000e0000000, 0x0000000100000000, 0x0000000100000000)
  eden space 454656K, 0% used [0x00000000e0000000,0x00000000e0000000,0x00000000fbc00000)
  from space 21504K, 99% used [0x00000000fbc00000,0x00000000fd0ffb88,0x00000000fd100000)
  to   space 38400K, 0% used [0x00000000fda80000,0x00000000fda80000,0x0000000100000000)
 ParOldGen       total 223232K, used 40727K [0x00000000a0000000, 0x00000000ada00000, 0x00000000e0000000)
  object space 223232K, 18% used [0x00000000a0000000,0x00000000a27c5da8,0x00000000ada00000)
 Metaspace       used 57160K, capacity 59111K, committed 59160K, reserved 1099776K
  class space    used 7737K, capacity 8216K, committed 8216K, reserved 1048576K
}
Event: 10.386 GC heap before
{Heap before GC invocations=8 (full 3):
 PSYoungGen      total 476160K, used 21502K [0x00000000e0000000, 0x0000000100000000, 0x0000000100000000)
  eden space 454656K, 0% used [0x00000000e0000000,0x00000000e0000000,0x00000000fbc00000)
  from space 21504K, 99% used [0x00000000fbc00000,0x00000000fd0ffb88,0x00000000fd100000)
  to   space 38400K, 0% used [0x00000000fda80000,0x00000000fda80000,0x0000000100000000)
 ParOldGen       total 223232K, used 40727K [0x00000000a0000000, 0x00000000ada00000, 0x00000000e0000000)
  object space 223232K, 18% used [0x00000000a0000000,0x00000000a27c5da8,0x00000000ada00000)
 Metaspace       used 57160K, capacity 59111K, committed 59160K, reserved 1099776K
  class space    used 7737K, capacity 8216K, committed 8216K, reserved 1048576K
Event: 10.767 GC heap after
Heap after GC invocations=8 (full 3):
 PSYoungGen      total 476160K, used 0K [0x00000000e0000000, 0x0000000100000000, 0x0000000100000000)
  eden space 454656K, 0% used [0x00000000e0000000,0x00000000e0000000,0x00000000fbc00000)
  from space 21504K, 0% used [0x00000000fbc00000,0x00000000fbc00000,0x00000000fd100000)
  to   space 38400K, 0% used [0x00000000fda80000,0x00000000fda80000,0x0000000100000000)
 ParOldGen       total 303616K, used 46104K [0x00000000a0000000, 0x00000000b2880000, 0x00000000e0000000)
  object space 303616K, 15% used [0x00000000a0000000,0x00000000a2d06100,0x00000000b2880000)
 Metaspace       used 57160K, capacity 59111K, committed 59160K, reserved 1099776K
  class space    used 7737K, capacity 8216K, committed 8216K, reserved 1048576K
}
Event: 10.823 GC heap before
{Heap before GC invocations=9 (full 3):
 PSYoungGen      total 476160K, used 14221K [0x00000000e0000000, 0x0000000100000000, 0x0000000100000000)
  eden space 454656K, 3% used [0x00000000e0000000,0x00000000e0de35c8,0x00000000fbc00000)
  from space 21504K, 0% used [0x00000000fbc00000,0x00000000fbc00000,0x00000000fd100000)
  to   space 38400K, 0% used [0x00000000fda80000,0x00000000fda80000,0x0000000100000000)
 ParOldGen       total 303616K, used 46104K [0x00000000a0000000, 0x00000000b2880000, 0x00000000e0000000)
  object space 303616K, 15% used [0x00000000a0000000,0x00000000a2d06100,0x00000000b2880000)
 Metaspace       used 57433K, capacity 59459K, committed 59544K, reserved 1099776K
  class space    used 7776K, capacity 8265K, committed 8344K, reserved 1048576K
Event: 10.829 GC heap after
Heap after GC invocations=9 (full 3):
 PSYoungGen      total 482816K, used 856K [0x00000000e0000000, 0x0000000100000000, 0x0000000100000000)
  eden space 444416K, 0% used [0x00000000e0000000,0x00000000e0000000,0x00000000fb200000)
  from space 38400K, 2% used [0x00000000fda80000,0x00000000fdb56270,0x0000000100000000)
  to   space 39936K, 0% used [0x00000000fb200000,0x00000000fb200000,0x00000000fd900000)
 ParOldGen       total 303616K, used 46104K [0x00000000a0000000, 0x00000000b2880000, 0x00000000e0000000)
  object space 303616K, 15% used [0x00000000a0000000,0x00000000a2d06100,0x00000000b2880000)
 Metaspace       used 57433K, capacity 59459K, committed 59544K, reserved 1099776K
  class space    used 7776K, capacity 8265K, committed 8344K, reserved 1048576K
}
Event: 10.829 GC heap before
{Heap before GC invocations=10 (full 4):
 PSYoungGen      total 482816K, used 856K [0x00000000e0000000, 0x0000000100000000, 0x0000000100000000)
  eden space 444416K, 0% used [0x00000000e0000000,0x00000000e0000000,0x00000000fb200000)
  from space 38400K, 2% used [0x00000000fda80000,0x00000000fdb56270,0x0000000100000000)
  to   space 39936K, 0% used [0x00000000fb200000,0x00000000fb200000,0x00000000fd900000)
 ParOldGen       total 303616K, used 46104K [0x00000000a0000000, 0x00000000b2880000, 0x00000000e0000000)
  object space 303616K, 15% used [0x00000000a0000000,0x00000000a2d06100,0x00000000b2880000)
 Metaspace       used 57433K, capacity 59459K, committed 59544K, reserved 1099776K
  class space    used 7776K, capacity 8265K, committed 8344K, reserved 1048576K
Event: 11.122 GC heap after
Heap after GC invocations=10 (full 4):
 PSYoungGen      total 482816K, used 0K [0x00000000e0000000, 0x0000000100000000, 0x0000000100000000)
  eden space 444416K, 0% used [0x00000000e0000000,0x00000000e0000000,0x00000000fb200000)
  from space 38400K, 0% used [0x00000000fda80000,0x00000000fda80000,0x0000000100000000)
  to   space 39936K, 0% used [0x00000000fb200000,0x00000000fb200000,0x00000000fd900000)
 ParOldGen       total 303616K, used 43190K [0x00000000a0000000, 0x00000000b2880000, 0x00000000e0000000)
  object space 303616K, 14% used [0x00000000a0000000,0x00000000a2a2d810,0x00000000b2880000)
 Metaspace       used 57433K, capacity 59459K, committed 59544K, reserved 1099776K
  class space    used 7776K, capacity 8265K, committed 8344K, reserved 1048576K
}

